# JRE version: OpenJDK Runtime Environment (8.0_152-b01) (build 1.8.0_152-release-1343-b01)
# Java VM: OpenJDK 64-Bit Server VM (25.152-b01 mixed mode windows-amd64 compressed oops)
Heap:
 PSYoungGen      total 227840K, used 56263K [0x00000000e0000000, 0x00000000eef00000, 0x0000000100000000)
  eden space 211968K, 20% used [0x00000000e0000000,0x00000000e2a3f260,0x00000000ecf00000)
  from space 15872K, 81% used [0x00000000edf00000,0x00000000eebb2c10,0x00000000eee80000)
  to   space 16384K, 0% used [0x00000000ecf00000,0x00000000ecf00000,0x00000000edf00000)
 ParOldGen       total 117760K, used 35777K [0x00000000a0000000, 0x00000000a7300000, 0x00000000e0000000)
  object space 117760K, 30% used [0x00000000a0000000,0x00000000a22f05b8,0x00000000a7300000)
 Metaspace       used 63590K, capacity 65828K, committed 66072K, reserved 1105920K
  class space    used 8660K, capacity 9181K, committed 9256K, reserved 1048576K
GC Heap History (10 events):
Event: 11.403 GC heap before
{Heap before GC invocations=11 (full 2):
 PSYoungGen      total 125440K, used 10738K [0x00000000e0000000, 0x00000000ebd00000, 0x0000000100000000)
  eden space 114688K, 0% used [0x00000000e0000000,0x00000000e0000000,0x00000000e7000000)
  from space 10752K, 99% used [0x00000000e7000000,0x00000000e7a7c818,0x00000000e7a80000)
  to   space 12288K, 0% used [0x00000000eb100000,0x00000000eb100000,0x00000000ebd00000)
 ParOldGen       total 55808K, used 8665K [0x00000000a0000000, 0x00000000a3680000, 0x00000000e0000000)
  object space 55808K, 15% used [0x00000000a0000000,0x00000000a08766e0,0x00000000a3680000)
 Metaspace       used 34657K, capacity 35444K, committed 35496K, reserved 1079296K
  class space    used 4774K, capacity 5023K, committed 5032K, reserved 1048576K
Event: 11.579 GC heap after
Heap after GC invocations=11 (full 2):
 PSYoungGen      total 125440K, used 0K [0x00000000e0000000, 0x00000000ebd00000, 0x0000000100000000)
  eden space 114688K, 0% used [0x00000000e0000000,0x00000000e0000000,0x00000000e7000000)
  from space 10752K, 0% used [0x00000000e7000000,0x00000000e7000000,0x00000000e7a80000)
  to   space 12288K, 0% used [0x00000000eb100000,0x00000000eb100000,0x00000000ebd00000)
 ParOldGen       total 79872K, used 18121K [0x00000000a0000000, 0x00000000a4e00000, 0x00000000e0000000)
  object space 79872K, 22% used [0x00000000a0000000,0x00000000a11b2760,0x00000000a4e00000)
 Metaspace       used 34657K, capacity 35444K, committed 35496K, reserved 1079296K
  class space    used 4774K, capacity 5023K, committed 5032K, reserved 1048576K
}
Event: 14.465 GC heap before
{Heap before GC invocations=12 (full 2):
 PSYoungGen      total 125440K, used 114688K [0x00000000e0000000, 0x00000000ebd00000, 0x0000000100000000)
  eden space 114688K, 100% used [0x00000000e0000000,0x00000000e7000000,0x00000000e7000000)
  from space 10752K, 0% used [0x00000000e7000000,0x00000000e7000000,0x00000000e7a80000)
  to   space 12288K, 0% used [0x00000000eb100000,0x00000000eb100000,0x00000000ebd00000)
 ParOldGen       total 79872K, used 18121K [0x00000000a0000000, 0x00000000a4e00000, 0x00000000e0000000)
  object space 79872K, 22% used [0x00000000a0000000,0x00000000a11b2760,0x00000000a4e00000)
 Metaspace       used 45380K, capacity 46454K, committed 46760K, reserved 1089536K
  class space    used 6131K, capacity 6450K, committed 6568K, reserved 1048576K
Event: 14.504 GC heap after
Heap after GC invocations=12 (full 2):
 PSYoungGen      total 169984K, used 12274K [0x00000000e0000000, 0x00000000ebd00000, 0x0000000100000000)
  eden space 157696K, 0% used [0x00000000e0000000,0x00000000e0000000,0x00000000e9a00000)
  from space 12288K, 99% used [0x00000000eb100000,0x00000000ebcfc820,0x00000000ebd00000)
  to   space 14336K, 0% used [0x00000000ea100000,0x00000000ea100000,0x00000000eaf00000)
 ParOldGen       total 79872K, used 21006K [0x00000000a0000000, 0x00000000a4e00000, 0x00000000e0000000)
  object space 79872K, 26% used [0x00000000a0000000,0x00000000a1483bf0,0x00000000a4e00000)
 Metaspace       used 45380K, capacity 46454K, committed 46760K, reserved 1089536K
  class space    used 6131K, capacity 6450K, committed 6568K, reserved 1048576K
}
Event: 17.630 GC heap before
{Heap before GC invocations=13 (full 2):
 PSYoungGen      total 169984K, used 137706K [0x00000000e0000000, 0x00000000ebd00000, 0x0000000100000000)
  eden space 157696K, 79% used [0x00000000e0000000,0x00000000e7a7e278,0x00000000e9a00000)
  from space 12288K, 99% used [0x00000000eb100000,0x00000000ebcfc820,0x00000000ebd00000)
  to   space 14336K, 0% used [0x00000000ea100000,0x00000000ea100000,0x00000000eaf00000)
 ParOldGen       total 79872K, used 21006K [0x00000000a0000000, 0x00000000a4e00000, 0x00000000e0000000)
  object space 79872K, 26% used [0x00000000a0000000,0x00000000a1483bf0,0x00000000a4e00000)
 Metaspace       used 57522K, capacity 59072K, committed 59160K, reserved 1099776K
  class space    used 7771K, capacity 8201K, committed 8232K, reserved 1048576K
Event: 17.662 GC heap after
Heap after GC invocations=13 (full 2):
 PSYoungGen      total 179200K, used 13110K [0x00000000e0000000, 0x00000000eee80000, 0x0000000100000000)
  eden space 164864K, 0% used [0x00000000e0000000,0x00000000e0000000,0x00000000ea100000)
  from space 14336K, 91% used [0x00000000ea100000,0x00000000eadcd900,0x00000000eaf00000)
  to   space 15872K, 0% used [0x00000000edf00000,0x00000000edf00000,0x00000000eee80000)
 ParOldGen       total 79872K, used 28591K [0x00000000a0000000, 0x00000000a4e00000, 0x00000000e0000000)
  object space 79872K, 35% used [0x00000000a0000000,0x00000000a1bebc78,0x00000000a4e00000)
 Metaspace       used 57522K, capacity 59072K, committed 59160K, reserved 1099776K
  class space    used 7771K, capacity 8201K, committed 8232K, reserved 1048576K
}
Event: 17.662 GC heap before
{Heap before GC invocations=14 (full 3):
 PSYoungGen      total 179200K, used 13110K [0x00000000e0000000, 0x00000000eee80000, 0x0000000100000000)
  eden space 164864K, 0% used [0x00000000e0000000,0x00000000e0000000,0x00000000ea100000)
  from space 14336K, 91% used [0x00000000ea100000,0x00000000eadcd900,0x00000000eaf00000)
  to   space 15872K, 0% used [0x00000000edf00000,0x00000000edf00000,0x00000000eee80000)
 ParOldGen       total 79872K, used 28591K [0x00000000a0000000, 0x00000000a4e00000, 0x00000000e0000000)
  object space 79872K, 35% used [0x00000000a0000000,0x00000000a1bebc78,0x00000000a4e00000)
 Metaspace       used 57522K, capacity 59072K, committed 59160K, reserved 1099776K
  class space    used 7771K, capacity 8201K, committed 8232K, reserved 1048576K
Event: 17.914 GC heap after
Heap after GC invocations=14 (full 3):
 PSYoungGen      total 179200K, used 0K [0x00000000e0000000, 0x00000000eee80000, 0x0000000100000000)
  eden space 164864K, 0% used [0x00000000e0000000,0x00000000e0000000,0x00000000ea100000)
  from space 14336K, 0% used [0x00000000ea100000,0x00000000ea100000,0x00000000eaf00000)
  to   space 15872K, 0% used [0x00000000edf00000,0x00000000edf00000,0x00000000eee80000)
 ParOldGen       total 117760K, used 35769K [0x00000000a0000000, 0x00000000a7300000, 0x00000000e0000000)
  object space 117760K, 30% used [0x00000000a0000000,0x00000000a22ee5b8,0x00000000a7300000)
 Metaspace       used 57522K, capacity 59072K, committed 59160K, reserved 1099776K
  class space    used 7771K, capacity 8201K, committed 8232K, reserved 1048576K
}
Event: 21.079 GC heap before
{Heap before GC invocations=15 (full 3):
 PSYoungGen      total 179200K, used 164864K [0x00000000e0000000, 0x00000000eee80000, 0x0000000100000000)
  eden space 164864K, 100% used [0x00000000e0000000,0x00000000ea100000,0x00000000ea100000)
  from space 14336K, 0% used [0x00000000ea100000,0x00000000ea100000,0x00000000eaf00000)
  to   space 15872K, 0% used [0x00000000edf00000,0x00000000edf00000,0x00000000eee80000)
 ParOldGen       total 117760K, used 35769K [0x00000000a0000000, 0x00000000a7300000, 0x00000000e0000000)
  object space 117760K, 30% used [0x00000000a0000000,0x00000000a22ee5b8,0x00000000a7300000)
 Metaspace       used 61478K, capacity 63480K, committed 63640K, reserved 1103872K
  class space    used 8303K, capacity 8813K, committed 8872K, reserved 1048576K
Event: 21.139 GC heap after
Heap after GC invocations=15 (full 3):
 PSYoungGen      total 227840K, used 13003K [0x00000000e0000000, 0x00000000eef00000, 0x0000000100000000)
  eden space 211968K, 0% used [0x00000000e0000000,0x00000000e0000000,0x00000000ecf00000)
  from space 15872K, 81% used [0x00000000edf00000,0x00000000eebb2c10,0x00000000eee80000)
  to   space 16384K, 0% used [0x00000000ecf00000,0x00000000ecf00000,0x00000000edf00000)
 ParOldGen       total 117760K, used 35777K [0x00000000a0000000, 0x00000000a7300000, 0x00000000e0000000)
  object space 117760K, 30% used [0x00000000a0000000,0x00000000a22f05b8,0x00000000a7300000)
 Metaspace       used 61478K, capacity 63480K, committed 63640K, reserved 1103872K
  class space    used 8303K, capacity 8813K, committed 8872K, reserved 1048576K
}

